android/build/app/intermediates/manifest_merge_blame_file/release/processReleaseMainManifest/manifest-merger-blame-release-report.txt
1<?xml version="1.0" encoding="utf-8"?>
2<manifest xmlns:android="http://schemas.android.com/apk/res/android"
3    package="com.example.the_180_project"
4    android:versionCode="1"
5    android:versionName="1.0.0" >
6
7    <uses-sdk
8        android:minSdkVersion="24"
9        android:targetSdkVersion="36" />
10
11    <uses-permission android:name="android.permission.INTERNET" />
11-->src\main\AndroidManifest.xml:2:5-66
11-->src\main\AndroidManifest.xml:2:22-64
12    <uses-permission android:name="android.permission.CAMERA" />
12-->src\main\AndroidManifest.xml:3:5-64
12-->src\main\AndroidManifest.xml:3:22-62
13    <uses-permission android:name="android.permission.RECORD_AUDIO" />
13-->src\main\AndroidManifest.xml:4:5-70
13-->src\main\AndroidManifest.xml:4:22-68
14    <uses-permission
14-->src\main\AndroidManifest.xml:5:5-80
15        android:name="android.permission.WRITE_EXTERNAL_STORAGE"
15-->src\main\AndroidManifest.xml:5:22-78
16        android:maxSdkVersion="28" />
16-->[:camera_android_camerax] AndroidManifest.xml:13:9-35
17    <uses-permission android:name="android.permission.READ_EXTERNAL_STORAGE" />
17-->src\main\AndroidManifest.xml:6:5-79
17-->src\main\AndroidManifest.xml:6:22-77
18    <!--
19         Required to query activities that can process text, see:
20         https://developer.android.com/training/package-visibility and
21         https://developer.android.com/reference/android/content/Intent#ACTION_PROCESS_TEXT.
22
23         In particular, this is used by the Flutter engine in io.flutter.plugin.text.ProcessTextPlugin.
24    -->
25    <queries>
25-->src\main\AndroidManifest.xml:45:5-50:15
26        <intent>
26-->src\main\AndroidManifest.xml:46:9-49:18
27            <action android:name="android.intent.action.PROCESS_TEXT" />
27-->src\main\AndroidManifest.xml:47:13-72
27-->src\main\AndroidManifest.xml:47:21-70
28
29            <data android:mimeType="text/plain" />
29-->src\main\AndroidManifest.xml:48:13-50
29-->src\main\AndroidManifest.xml:48:19-48
30        </intent>
31    </queries>
32
33    <uses-feature android:name="android.hardware.camera.any" />
33-->[:camera_android_camerax] AndroidManifest.xml:7:5-64
33-->[:camera_android_camerax] AndroidManifest.xml:7:19-61
34
35    <uses-permission android:name="android.permission.ACCESS_NETWORK_STATE" />
35-->[androidx.media3:media3-common:1.8.0] AndroidManifest.xml:22:5-79
35-->[androidx.media3:media3-common:1.8.0] AndroidManifest.xml:22:22-76
36    <uses-permission android:name="com.google.android.providers.gsf.permission.READ_GSERVICES" />
36-->[com.google.android.recaptcha:recaptcha:18.6.1] AndroidManifest.xml:9:5-98
36-->[com.google.android.recaptcha:recaptcha:18.6.1] AndroidManifest.xml:9:22-95
37    <uses-permission android:name="android.permission.WAKE_LOCK" />
37-->[androidx.work:work-runtime:2.7.0] AndroidManifest.xml:25:5-68
37-->[androidx.work:work-runtime:2.7.0] AndroidManifest.xml:25:22-65
38    <uses-permission android:name="android.permission.RECEIVE_BOOT_COMPLETED" />
38-->[androidx.work:work-runtime:2.7.0] AndroidManifest.xml:27:5-81
38-->[androidx.work:work-runtime:2.7.0] AndroidManifest.xml:27:22-78
39    <uses-permission android:name="android.permission.FOREGROUND_SERVICE" />
39-->[androidx.work:work-runtime:2.7.0] AndroidManifest.xml:28:5-77
39-->[androidx.work:work-runtime:2.7.0] AndroidManifest.xml:28:22-74
40
41    <permission
41-->[androidx.core:core:1.12.0] AndroidManifest.xml:22:5-24:47
42        android:name="com.example.the_180_project.DYNAMIC_RECEIVER_NOT_EXPORTED_PERMISSION"
42-->[androidx.core:core:1.12.0] AndroidManifest.xml:23:9-81
43        android:protectionLevel="signature" />
43-->[androidx.core:core:1.12.0] AndroidManifest.xml:24:9-44
44
45    <uses-permission android:name="com.example.the_180_project.DYNAMIC_RECEIVER_NOT_EXPORTED_PERMISSION" />
45-->[androidx.core:core:1.12.0] AndroidManifest.xml:26:5-97
45-->[androidx.core:core:1.12.0] AndroidManifest.xml:26:22-94
46
47    <application
48        android:name="android.app.Application"
48-->src\main\AndroidManifest.xml:10:9-42
49        android:appComponentFactory="androidx.core.app.CoreComponentFactory"
49-->[androidx.core:core:1.12.0] AndroidManifest.xml:28:18-86
50        android:extractNativeLibs="false"
51        android:icon="@mipmap/ic_launcher"
51-->src\main\AndroidManifest.xml:11:9-43
52        android:label="the_180_project" >
52-->src\main\AndroidManifest.xml:9:9-40
53        <activity
53-->src\main\AndroidManifest.xml:12:9-33:20
54            android:name="com.example.the_180_project.MainActivity"
54-->src\main\AndroidManifest.xml:13:13-41
55            android:configChanges="orientation|keyboardHidden|keyboard|screenSize|smallestScreenSize|locale|layoutDirection|fontScale|screenLayout|density|uiMode"
55-->src\main\AndroidManifest.xml:18:13-163
56            android:exported="true"
56-->src\main\AndroidManifest.xml:14:13-36
57            android:hardwareAccelerated="true"
57-->src\main\AndroidManifest.xml:19:13-47
58            android:launchMode="singleTop"
58-->src\main\AndroidManifest.xml:15:13-43
59            android:taskAffinity=""
59-->src\main\AndroidManifest.xml:16:13-36
60            android:theme="@style/LaunchTheme"
60-->src\main\AndroidManifest.xml:17:13-47
61            android:windowSoftInputMode="adjustResize" >
61-->src\main\AndroidManifest.xml:20:13-55
62
63            <!--
64                 Specifies an Android theme to apply to this Activity as soon as
65                 the Android process has started. This theme is visible to the user
66                 while the Flutter UI initializes. After that, this theme continues
67                 to determine the Window background behind the Flutter UI.
68            -->
69            <meta-data
69-->src\main\AndroidManifest.xml:25:13-28:17
70                android:name="io.flutter.embedding.android.NormalTheme"
70-->src\main\AndroidManifest.xml:26:15-70
71                android:resource="@style/NormalTheme" />
71-->src\main\AndroidManifest.xml:27:15-52
72
73            <intent-filter>
73-->src\main\AndroidManifest.xml:29:13-32:29
74                <action android:name="android.intent.action.MAIN" />
74-->src\main\AndroidManifest.xml:30:17-68
74-->src\main\AndroidManifest.xml:30:25-66
75
76                <category android:name="android.intent.category.LAUNCHER" />
76-->src\main\AndroidManifest.xml:31:17-76
76-->src\main\AndroidManifest.xml:31:27-74
77            </intent-filter>
78        </activity>
79        <!--
80             Don't delete the meta-data below.
81             This is used by the Flutter tool to generate GeneratedPluginRegistrant.java
82        -->
83        <meta-data
83-->src\main\AndroidManifest.xml:36:9-38:33
84            android:name="flutterEmbedding"
84-->src\main\AndroidManifest.xml:37:13-44
85            android:value="2" />
85-->src\main\AndroidManifest.xml:38:13-30
86
87        <service
87-->[:cloud_firestore] AndroidManifest.xml:8:9-12:19
88            android:name="com.google.firebase.components.ComponentDiscoveryService"
88-->[:cloud_firestore] AndroidManifest.xml:8:18-89
89            android:directBootAware="true"
89-->[com.google.firebase:firebase-common:21.0.0] AndroidManifest.xml:32:13-43
90            android:exported="false" >
90-->[com.google.firebase:firebase-firestore:25.1.4] AndroidManifest.xml:16:13-37
91            <meta-data
91-->[:cloud_firestore] AndroidManifest.xml:9:13-11:85
92                android:name="com.google.firebase.components:io.flutter.plugins.firebase.firestore.FlutterFirebaseFirestoreRegistrar"
92-->[:cloud_firestore] AndroidManifest.xml:10:17-134
93                android:value="com.google.firebase.components.ComponentRegistrar" />
93-->[:cloud_firestore] AndroidManifest.xml:11:17-82
94            <meta-data
94-->[:firebase_auth] AndroidManifest.xml:9:13-11:85
95                android:name="com.google.firebase.components:io.flutter.plugins.firebase.auth.FlutterFirebaseAuthRegistrar"
95-->[:firebase_auth] AndroidManifest.xml:10:17-124
96                android:value="com.google.firebase.components.ComponentRegistrar" />
96-->[:firebase_auth] AndroidManifest.xml:11:17-82
97            <meta-data
97-->[:firebase_storage] AndroidManifest.xml:9:13-11:85
98                android:name="com.google.firebase.components:io.flutter.plugins.firebase.storage.FlutterFirebaseAppRegistrar"
98-->[:firebase_storage] AndroidManifest.xml:10:17-126
99                android:value="com.google.firebase.components.ComponentRegistrar" />
99-->[:firebase_storage] AndroidManifest.xml:11:17-82
100            <meta-data
100-->[:firebase_core] AndroidManifest.xml:9:13-11:85
101                android:name="com.google.firebase.components:io.flutter.plugins.firebase.core.FlutterFirebaseCoreRegistrar"
101-->[:firebase_core] AndroidManifest.xml:10:17-124
102                android:value="com.google.firebase.components.ComponentRegistrar" />
102-->[:firebase_core] AndroidManifest.xml:11:17-82
103            <meta-data
103-->[com.google.firebase:firebase-firestore:25.1.4] AndroidManifest.xml:17:13-19:85
104                android:name="com.google.firebase.components:com.google.firebase.firestore.FirebaseFirestoreKtxRegistrar"
104-->[com.google.firebase:firebase-firestore:25.1.4] AndroidManifest.xml:18:17-122
105                android:value="com.google.firebase.components.ComponentRegistrar" />
105-->[com.google.firebase:firebase-firestore:25.1.4] AndroidManifest.xml:19:17-82
106            <meta-data
106-->[com.google.firebase:firebase-firestore:25.1.4] AndroidManifest.xml:20:13-22:85
107                android:name="com.google.firebase.components:com.google.firebase.firestore.FirestoreRegistrar"
107-->[com.google.firebase:firebase-firestore:25.1.4] AndroidManifest.xml:21:17-111
108                android:value="com.google.firebase.components.ComponentRegistrar" />
108-->[com.google.firebase:firebase-firestore:25.1.4] AndroidManifest.xml:22:17-82
109            <meta-data
109-->[com.google.firebase:firebase-storage:21.0.2] AndroidManifest.xml:30:13-32:85
110                android:name="com.google.firebase.components:com.google.firebase.storage.FirebaseStorageKtxRegistrar"
110-->[com.google.firebase:firebase-storage:21.0.2] AndroidManifest.xml:31:17-118
111                android:value="com.google.firebase.components.ComponentRegistrar" />
111-->[com.google.firebase:firebase-storage:21.0.2] AndroidManifest.xml:32:17-82
112            <meta-data
112-->[com.google.firebase:firebase-storage:21.0.2] AndroidManifest.xml:33:13-35:85
113                android:name="com.google.firebase.components:com.google.firebase.storage.StorageRegistrar"
113-->[com.google.firebase:firebase-storage:21.0.2] AndroidManifest.xml:34:17-107
114                android:value="com.google.firebase.components.ComponentRegistrar" />
114-->[com.google.firebase:firebase-storage:21.0.2] AndroidManifest.xml:35:17-82
115            <meta-data
115-->[com.google.firebase:firebase-auth:23.2.1] AndroidManifest.xml:69:13-71:85
116                android:name="com.google.firebase.components:com.google.firebase.auth.FirebaseAuthRegistrar"
116-->[com.google.firebase:firebase-auth:23.2.1] AndroidManifest.xml:70:17-109
117                android:value="com.google.firebase.components.ComponentRegistrar" />
117-->[com.google.firebase:firebase-auth:23.2.1] AndroidManifest.xml:71:17-82
118            <meta-data
118-->[com.google.firebase:firebase-appcheck:18.0.0] AndroidManifest.xml:25:13-27:85
119                android:name="com.google.firebase.components:com.google.firebase.appcheck.FirebaseAppCheckKtxRegistrar"
119-->[com.google.firebase:firebase-appcheck:18.0.0] AndroidManifest.xml:26:17-120
120                android:value="com.google.firebase.components.ComponentRegistrar" />
120-->[com.google.firebase:firebase-appcheck:18.0.0] AndroidManifest.xml:27:17-82
121            <meta-data
121-->[com.google.firebase:firebase-appcheck:18.0.0] AndroidManifest.xml:28:13-30:85
122                android:name="com.google.firebase.components:com.google.firebase.appcheck.FirebaseAppCheckRegistrar"
122-->[com.google.firebase:firebase-appcheck:18.0.0] AndroidManifest.xml:29:17-117
123                android:value="com.google.firebase.components.ComponentRegistrar" />
123-->[com.google.firebase:firebase-appcheck:18.0.0] AndroidManifest.xml:30:17-82
124            <meta-data
124-->[com.google.firebase:firebase-common-ktx:21.0.0] AndroidManifest.xml:12:13-14:85
125                android:name="com.google.firebase.components:com.google.firebase.ktx.FirebaseCommonLegacyRegistrar"
125-->[com.google.firebase:firebase-common-ktx:21.0.0] AndroidManifest.xml:13:17-116
126                android:value="com.google.firebase.components.ComponentRegistrar" />
126-->[com.google.firebase:firebase-common-ktx:21.0.0] AndroidManifest.xml:14:17-82
127            <meta-data
127-->[com.google.firebase:firebase-common:21.0.0] AndroidManifest.xml:35:13-37:85
128                android:name="com.google.firebase.components:com.google.firebase.FirebaseCommonKtxRegistrar"
128-->[com.google.firebase:firebase-common:21.0.0] AndroidManifest.xml:36:17-109
129                android:value="com.google.firebase.components.ComponentRegistrar" />
129-->[com.google.firebase:firebase-common:21.0.0] AndroidManifest.xml:37:17-82
130        </service>
131        <service
131-->[androidx.camera:camera-camera2:1.5.2] AndroidManifest.xml:24:9-33:19
132            android:name="androidx.camera.core.impl.MetadataHolderService"
132-->[androidx.camera:camera-camera2:1.5.2] AndroidManifest.xml:25:13-75
133            android:enabled="false"
133-->[androidx.camera:camera-camera2:1.5.2] AndroidManifest.xml:26:13-36
134            android:exported="false" >
134-->[androidx.camera:camera-camera2:1.5.2] AndroidManifest.xml:27:13-37
135            <meta-data
135-->[androidx.camera:camera-camera2:1.5.2] AndroidManifest.xml:30:13-32:89
136                android:name="androidx.camera.core.impl.MetadataHolderService.DEFAULT_CONFIG_PROVIDER"
136-->[androidx.camera:camera-camera2:1.5.2] AndroidManifest.xml:31:17-103
137                android:value="androidx.camera.camera2.Camera2Config$DefaultProvider" />
137-->[androidx.camera:camera-camera2:1.5.2] AndroidManifest.xml:32:17-86
138        </service>
139
140        <uses-library
140-->[androidx.window:window:1.2.0] AndroidManifest.xml:23:9-25:40
141            android:name="androidx.window.extensions"
141-->[androidx.window:window:1.2.0] AndroidManifest.xml:24:13-54
142            android:required="false" />
142-->[androidx.window:window:1.2.0] AndroidManifest.xml:25:13-37
143        <uses-library
143-->[androidx.window:window:1.2.0] AndroidManifest.xml:26:9-28:40
144            android:name="androidx.window.sidecar"
144-->[androidx.window:window:1.2.0] AndroidManifest.xml:27:13-51
145            android:required="false" />
145-->[androidx.window:window:1.2.0] AndroidManifest.xml:28:13-37
146        <!--
147             Required for ML Kit Pose Detection GPU acceleration. Applications that target Android
148             S+ require explicit declaration of any referenced vendor-provided libraries.
149        -->
150        <uses-native-library
150-->[com.google.mlkit:pose-detection-common:18.0.0-beta5] AndroidManifest.xml:16:9-18:40
151            android:name="libOpenCL.so"
151-->[com.google.mlkit:pose-detection-common:18.0.0-beta5] AndroidManifest.xml:17:13-40
152            android:required="false" />
152-->[com.google.mlkit:pose-detection-common:18.0.0-beta5] AndroidManifest.xml:18:13-37
153        <uses-native-library
153-->[com.google.mlkit:pose-detection-common:18.0.0-beta5] AndroidManifest.xml:16:9-18:40
154            android:name="libOpenCL-car.so"
154-->[com.google.mlkit:pose-detection-common:18.0.0-beta5] AndroidManifest.xml:17:13-40
155            android:required="false" />
155-->[com.google.mlkit:pose-detection-common:18.0.0-beta5] AndroidManifest.xml:18:13-37
156        <uses-native-library
156-->[com.google.mlkit:pose-detection-common:18.0.0-beta5] AndroidManifest.xml:16:9-18:40
157            android:name="libOpenCL-pixel.so"
157-->[com.google.mlkit:pose-detection-common:18.0.0-beta5] AndroidManifest.xml:17:13-40
158            android:required="false" />
158-->[com.google.mlkit:pose-detection-common:18.0.0-beta5] AndroidManifest.xml:18:13-37
159
160        <service
160-->[com.google.mlkit:pose-detection-common:18.0.0-beta5] AndroidManifest.xml:26:9-32:19
161            android:name="com.google.mlkit.common.internal.MlKitComponentDiscoveryService"
161-->[com.google.mlkit:pose-detection-common:18.0.0-beta5] AndroidManifest.xml:27:13-91
162            android:directBootAware="true"
162-->[com.google.mlkit:common:18.11.0] AndroidManifest.xml:17:13-43
163            android:exported="false" >
163-->[com.google.mlkit:pose-detection-common:18.0.0-beta5] AndroidManifest.xml:28:13-37
164            <meta-data
164-->[com.google.mlkit:pose-detection-common:18.0.0-beta5] AndroidManifest.xml:29:13-31:85
165                android:name="com.google.firebase.components:com.google.mlkit.vision.pose.internal.PoseRegistrar"
165-->[com.google.mlkit:pose-detection-common:18.0.0-beta5] AndroidManifest.xml:30:17-114
166                android:value="com.google.firebase.components.ComponentRegistrar" />
166-->[com.google.mlkit:pose-detection-common:18.0.0-beta5] AndroidManifest.xml:31:17-82
167            <meta-data
167-->[com.google.mlkit:vision-common:17.3.0] AndroidManifest.xml:12:13-14:85
168                android:name="com.google.firebase.components:com.google.mlkit.vision.common.internal.VisionCommonRegistrar"
168-->[com.google.mlkit:vision-common:17.3.0] AndroidManifest.xml:13:17-124
169                android:value="com.google.firebase.components.ComponentRegistrar" />
169-->[com.google.mlkit:vision-common:17.3.0] AndroidManifest.xml:14:17-82
170            <meta-data
170-->[com.google.mlkit:common:18.11.0] AndroidManifest.xml:20:13-22:85
171                android:name="com.google.firebase.components:com.google.mlkit.common.internal.CommonComponentRegistrar"
171-->[com.google.mlkit:common:18.11.0] AndroidManifest.xml:21:17-120
172                android:value="com.google.firebase.components.ComponentRegistrar" />
172-->[com.google.mlkit:common:18.11.0] AndroidManifest.xml:22:17-82
173        </service>
174
175        <activity
175-->[com.google.firebase:firebase-auth:23.2.1] AndroidManifest.xml:29:9-46:20
176            android:name="com.google.firebase.auth.internal.GenericIdpActivity"
176-->[com.google.firebase:firebase-auth:23.2.1] AndroidManifest.xml:30:13-80
177            android:excludeFromRecents="true"
177-->[com.google.firebase:firebase-auth:23.2.1] AndroidManifest.xml:31:13-46
178            android:exported="true"
178-->[com.google.firebase:firebase-auth:23.2.1] AndroidManifest.xml:32:13-36
179            android:launchMode="singleTask"
179-->[com.google.firebase:firebase-auth:23.2.1] AndroidManifest.xml:33:13-44
180            android:theme="@android:style/Theme.Translucent.NoTitleBar" >
180-->[com.google.firebase:firebase-auth:23.2.1] AndroidManifest.xml:34:13-72
181            <intent-filter>
181-->[com.google.firebase:firebase-auth:23.2.1] AndroidManifest.xml:35:13-45:29
182                <action android:name="android.intent.action.VIEW" />
182-->[com.google.firebase:firebase-auth:23.2.1] AndroidManifest.xml:36:17-69
182-->[com.google.firebase:firebase-auth:23.2.1] AndroidManifest.xml:36:25-66
183
184                <category android:name="android.intent.category.DEFAULT" />
184-->[com.google.firebase:firebase-auth:23.2.1] AndroidManifest.xml:38:17-76
184-->[com.google.firebase:firebase-auth:23.2.1] AndroidManifest.xml:38:27-73
185                <category android:name="android.intent.category.BROWSABLE" />
185-->[com.google.firebase:firebase-auth:23.2.1] AndroidManifest.xml:39:17-78
185-->[com.google.firebase:firebase-auth:23.2.1] AndroidManifest.xml:39:27-75
186
187                <data
187-->src\main\AndroidManifest.xml:48:13-50
188                    android:host="firebase.auth"
189                    android:path="/"
190                    android:scheme="genericidp" />
191            </intent-filter>
192        </activity>
193        <activity
193-->[com.google.firebase:firebase-auth:23.2.1] AndroidManifest.xml:47:9-64:20
194            android:name="com.google.firebase.auth.internal.RecaptchaActivity"
194-->[com.google.firebase:firebase-auth:23.2.1] AndroidManifest.xml:48:13-79
195            android:excludeFromRecents="true"
195-->[com.google.firebase:firebase-auth:23.2.1] AndroidManifest.xml:49:13-46
196            android:exported="true"
196-->[com.google.firebase:firebase-auth:23.2.1] AndroidManifest.xml:50:13-36
197            android:launchMode="singleTask"
197-->[com.google.firebase:firebase-auth:23.2.1] AndroidManifest.xml:51:13-44
198            android:theme="@android:style/Theme.Translucent.NoTitleBar" >
198-->[com.google.firebase:firebase-auth:23.2.1] AndroidManifest.xml:52:13-72
199            <intent-filter>
199-->[com.google.firebase:firebase-auth:23.2.1] AndroidManifest.xml:53:13-63:29
200                <action android:name="android.intent.action.VIEW" />
200-->[com.google.firebase:firebase-auth:23.2.1] AndroidManifest.xml:36:17-69
200-->[com.google.firebase:firebase-auth:23.2.1] AndroidManifest.xml:36:25-66
201
202                <category android:name="android.intent.category.DEFAULT" />
202-->[com.google.firebase:firebase-auth:23.2.1] AndroidManifest.xml:38:17-76
202-->[com.google.firebase:firebase-auth:23.2.1] AndroidManifest.xml:38:27-73
203                <category android:name="android.intent.category.BROWSABLE" />
203-->[com.google.firebase:firebase-auth:23.2.1] AndroidManifest.xml:39:17-78
203-->[com.google.firebase:firebase-auth:23.2.1] AndroidManifest.xml:39:27-75
204
205                <data
205-->src\main\AndroidManifest.xml:48:13-50
206                    android:host="firebase.auth"
207                    android:path="/"
208                    android:scheme="recaptcha" />
209            </intent-filter>
210        </activity>
211
212        <service
212-->[androidx.credentials:credentials-play-services-auth:1.2.0-rc01] AndroidManifest.xml:24:9-32:19
213            android:name="androidx.credentials.playservices.CredentialProviderMetadataHolder"
213-->[androidx.credentials:credentials-play-services-auth:1.2.0-rc01] AndroidManifest.xml:25:13-94
214            android:enabled="true"
214-->[androidx.credentials:credentials-play-services-auth:1.2.0-rc01] AndroidManifest.xml:26:13-35
215            android:exported="false" >
215-->[androidx.credentials:credentials-play-services-auth:1.2.0-rc01] AndroidManifest.xml:27:13-37
216            <meta-data
216-->[androidx.credentials:credentials-play-services-auth:1.2.0-rc01] AndroidManifest.xml:29:13-31:104
217                android:name="androidx.credentials.CREDENTIAL_PROVIDER_KEY"
217-->[androidx.credentials:credentials-play-services-auth:1.2.0-rc01] AndroidManifest.xml:30:17-76
218                android:value="androidx.credentials.playservices.CredentialProviderPlayServicesImpl" />
218-->[androidx.credentials:credentials-play-services-auth:1.2.0-rc01] AndroidManifest.xml:31:17-101
219        </service>
220
221        <activity
221-->[androidx.credentials:credentials-play-services-auth:1.2.0-rc01] AndroidManifest.xml:34:9-41:20
222            android:name="androidx.credentials.playservices.HiddenActivity"
222-->[androidx.credentials:credentials-play-services-auth:1.2.0-rc01] AndroidManifest.xml:35:13-76
223            android:configChanges="orientation|screenSize|screenLayout|keyboardHidden"
223-->[androidx.credentials:credentials-play-services-auth:1.2.0-rc01] AndroidManifest.xml:36:13-87
224            android:enabled="true"
224-->[androidx.credentials:credentials-play-services-auth:1.2.0-rc01] AndroidManifest.xml:37:13-35
225            android:exported="false"
225-->[androidx.credentials:credentials-play-services-auth:1.2.0-rc01] AndroidManifest.xml:38:13-37
226            android:fitsSystemWindows="true"
226-->[androidx.credentials:credentials-play-services-auth:1.2.0-rc01] AndroidManifest.xml:39:13-45
227            android:theme="@style/Theme.Hidden" >
227-->[androidx.credentials:credentials-play-services-auth:1.2.0-rc01] AndroidManifest.xml:40:13-48
228        </activity>
229        <activity
229-->[com.google.android.gms:play-services-auth:20.7.0] AndroidManifest.xml:23:9-27:75
230            android:name="com.google.android.gms.auth.api.signin.internal.SignInHubActivity"
230-->[com.google.android.gms:play-services-auth:20.7.0] AndroidManifest.xml:24:13-93
231            android:excludeFromRecents="true"
231-->[com.google.android.gms:play-services-auth:20.7.0] AndroidManifest.xml:25:13-46
232            android:exported="false"
232-->[com.google.android.gms:play-services-auth:20.7.0] AndroidManifest.xml:26:13-37
233            android:theme="@android:style/Theme.Translucent.NoTitleBar" />
233-->[com.google.android.gms:play-services-auth:20.7.0] AndroidManifest.xml:27:13-72
234        <!--
235            Service handling Google Sign-In user revocation. For apps that do not integrate with
236            Google Sign-In, this service will never be started.
237        -->
238        <service
238-->[com.google.android.gms:play-services-auth:20.7.0] AndroidManifest.xml:33:9-37:51
239            android:name="com.google.android.gms.auth.api.signin.RevocationBoundService"
239-->[com.google.android.gms:play-services-auth:20.7.0] AndroidManifest.xml:34:13-89
240            android:exported="true"
240-->[com.google.android.gms:play-services-auth:20.7.0] AndroidManifest.xml:35:13-36
241            android:permission="com.google.android.gms.auth.api.signin.permission.REVOCATION_NOTIFICATION"
241-->[com.google.android.gms:play-services-auth:20.7.0] AndroidManifest.xml:36:13-107
242            android:visibleToInstantApps="true" />
242-->[com.google.android.gms:play-services-auth:20.7.0] AndroidManifest.xml:37:13-48
243
244        <provider
244-->[com.google.mlkit:common:18.11.0] AndroidManifest.xml:9:9-13:38
245            android:name="com.google.mlkit.common.internal.MlKitInitProvider"
245-->[com.google.mlkit:common:18.11.0] AndroidManifest.xml:10:13-78
246            android:authorities="com.example.the_180_project.mlkitinitprovider"
246-->[com.google.mlkit:common:18.11.0] AndroidManifest.xml:11:13-69
247            android:exported="false"
247-->[com.google.mlkit:common:18.11.0] AndroidManifest.xml:12:13-37
248            android:initOrder="99" />
248-->[com.google.mlkit:common:18.11.0] AndroidManifest.xml:13:13-35
249
250        <service
250-->[com.google.mlkit:acceleration:16.0.0-beta2] AndroidManifest.xml:8:9-11:68
251            android:name="com.google.mlkit.acceleration.internal.MlKitRemoteWorkerService"
251-->[com.google.mlkit:acceleration:16.0.0-beta2] AndroidManifest.xml:9:13-91
252            android:exported="false"
252-->[com.google.mlkit:acceleration:16.0.0-beta2] AndroidManifest.xml:10:13-37
253            android:process=":mlkit_acceleration_mini_benchmark" />
253-->[com.google.mlkit:acceleration:16.0.0-beta2] AndroidManifest.xml:11:13-65
254
255        <activity
255-->[com.google.android.gms:play-services-base:18.5.0] AndroidManifest.xml:5:9-173
256            android:name="com.google.android.gms.common.api.GoogleApiActivity"
256-->[com.google.android.gms:play-services-base:18.5.0] AndroidManifest.xml:5:19-85
257            android:exported="false"
257-->[com.google.android.gms:play-services-base:18.5.0] AndroidManifest.xml:5:146-170
258            android:theme="@android:style/Theme.Translucent.NoTitleBar" />
258-->[com.google.android.gms:play-services-base:18.5.0] AndroidManifest.xml:5:86-145
259
260        <provider
260-->[com.google.firebase:firebase-common:21.0.0] AndroidManifest.xml:23:9-28:39
261            android:name="com.google.firebase.provider.FirebaseInitProvider"
261-->[com.google.firebase:firebase-common:21.0.0] AndroidManifest.xml:24:13-77
262            android:authorities="com.example.the_180_project.firebaseinitprovider"
262-->[com.google.firebase:firebase-common:21.0.0] AndroidManifest.xml:25:13-72
263            android:directBootAware="true"
263-->[com.google.firebase:firebase-common:21.0.0] AndroidManifest.xml:26:13-43
264            android:exported="false"
264-->[com.google.firebase:firebase-common:21.0.0] AndroidManifest.xml:27:13-37
265            android:initOrder="100" />
265-->[com.google.firebase:firebase-common:21.0.0] AndroidManifest.xml:28:13-36
266
267        <service
267-->[androidx.work:work-multiprocess:2.7.0] AndroidManifest.xml:25:9-27:40
268            android:name="androidx.work.multiprocess.RemoteWorkManagerService"
268-->[androidx.work:work-multiprocess:2.7.0] AndroidManifest.xml:26:13-79
269            android:exported="false" />
269-->[androidx.work:work-multiprocess:2.7.0] AndroidManifest.xml:27:13-37
270
271        <provider
271-->[androidx.work:work-runtime:2.7.0] AndroidManifest.xml:31:9-39:20
272            android:name="androidx.startup.InitializationProvider"
272-->[androidx.work:work-runtime:2.7.0] AndroidManifest.xml:32:13-67
273            android:authorities="com.example.the_180_project.androidx-startup"
273-->[androidx.work:work-runtime:2.7.0] AndroidManifest.xml:33:13-68
274            android:exported="false" >
274-->[androidx.work:work-runtime:2.7.0] AndroidManifest.xml:34:13-37
275            <meta-data
275-->[androidx.work:work-runtime:2.7.0] AndroidManifest.xml:36:13-38:52
276                android:name="androidx.work.WorkManagerInitializer"
276-->[androidx.work:work-runtime:2.7.0] AndroidManifest.xml:37:17-68
277                android:value="androidx.startup" />
277-->[androidx.work:work-runtime:2.7.0] AndroidManifest.xml:38:17-49
278            <meta-data
278-->[androidx.emoji2:emoji2:1.2.0] AndroidManifest.xml:29:13-31:52
279                android:name="androidx.emoji2.text.EmojiCompatInitializer"
279-->[androidx.emoji2:emoji2:1.2.0] AndroidManifest.xml:30:17-75
280                android:value="androidx.startup" />